<?xml version="1.0" encoding="UTF-8" ?>
<testsuites>
  <testsuite errors="0" failures="1" hostname="ubuntu-devops" id="0" name="HelloWorldTest" package="" skipped="0" tests="2" time="0.197" timestamp="2016-06-21T09:09:27">
      <properties>
[...]
</properties>

      <testcase classname="HelloWorldTest" name="testNothing" time="0.001" />

      <testcase classname="HelloWorldTest" name="testWillAlwaysFail" time="0.012">
          <failure message="An error message" type="junit.framework.AssertionFailedError">junit.framework.AssertionFailedError: An error message
	at HelloWorldTest.testWillAlwaysFail(Unknown Source)
</failure>

      </testcase>

      <system-out />

      <system-err />

  </testsuite>
</testsuites>
